

Processing ApplicationController#index (for 127.0.0.1 at 2009-02-28 17:27:46) [GET]


ActionController::RoutingError (No route matches "/" with {:method=>:get}):
    /opt/local/lib/ruby/gems/1.8/gems/actionpack-2.2.2/lib/action_controller/routing/recognition_optimisation.rb:66:in `recognize_path'
    /opt/local/lib/ruby/gems/1.8/gems/actionpack-2.2.2/lib/action_controller/routing/route_set.rb:386:in `recognize'
    /opt/local/lib/ruby/gems/1.8/gems/actionpack-2.2.2/lib/action_controller/dispatcher.rb:182:in `handle_request'
    /opt/local/lib/ruby/gems/1.8/gems/actionpack-2.2.2/lib/action_controller/dispatcher.rb:110:in `dispatch_unlocked'
    /opt/local/lib/ruby/gems/1.8/gems/actionpack-2.2.2/lib/action_controller/dispatcher.rb:123:in `dispatch'
    /opt/local/lib/ruby/gems/1.8/gems/actionpack-2.2.2/lib/action_controller/dispatcher.rb:122:in `synchronize'
    /opt/local/lib/ruby/gems/1.8/gems/actionpack-2.2.2/lib/action_controller/dispatcher.rb:122:in `dispatch'
    /opt/local/lib/ruby/gems/1.8/gems/actionpack-2.2.2/lib/action_controller/dispatcher.rb:132:in `dispatch_cgi'
    /opt/local/lib/ruby/gems/1.8/gems/actionpack-2.2.2/lib/action_controller/dispatcher.rb:39:in `dispatch'
    /opt/local/lib/ruby/gems/1.8/gems/mongrel-1.1.5/bin/../lib/mongrel/rails.rb:76:in `process'
    /opt/local/lib/ruby/gems/1.8/gems/mongrel-1.1.5/bin/../lib/mongrel/rails.rb:74:in `synchronize'
    /opt/local/lib/ruby/gems/1.8/gems/mongrel-1.1.5/bin/../lib/mongrel/rails.rb:74:in `process'
    /opt/local/lib/ruby/gems/1.8/gems/mongrel-1.1.5/lib/mongrel.rb:159:in `process_client'
    /opt/local/lib/ruby/gems/1.8/gems/mongrel-1.1.5/lib/mongrel.rb:158:in `each'
    /opt/local/lib/ruby/gems/1.8/gems/mongrel-1.1.5/lib/mongrel.rb:158:in `process_client'
    /opt/local/lib/ruby/gems/1.8/gems/mongrel-1.1.5/lib/mongrel.rb:285:in `run'
    /opt/local/lib/ruby/gems/1.8/gems/mongrel-1.1.5/lib/mongrel.rb:285:in `initialize'
    /opt/local/lib/ruby/gems/1.8/gems/mongrel-1.1.5/lib/mongrel.rb:285:in `new'
    /opt/local/lib/ruby/gems/1.8/gems/mongrel-1.1.5/lib/mongrel.rb:285:in `run'
    /opt/local/lib/ruby/gems/1.8/gems/mongrel-1.1.5/lib/mongrel.rb:268:in `initialize'
    /opt/local/lib/ruby/gems/1.8/gems/mongrel-1.1.5/lib/mongrel.rb:268:in `new'
    /opt/local/lib/ruby/gems/1.8/gems/mongrel-1.1.5/lib/mongrel.rb:268:in `run'
    /opt/local/lib/ruby/gems/1.8/gems/mongrel-1.1.5/lib/mongrel/configurator.rb:282:in `run'
    /opt/local/lib/ruby/gems/1.8/gems/mongrel-1.1.5/lib/mongrel/configurator.rb:281:in `each'
    /opt/local/lib/ruby/gems/1.8/gems/mongrel-1.1.5/lib/mongrel/configurator.rb:281:in `run'
    /opt/local/lib/ruby/gems/1.8/gems/mongrel-1.1.5/bin/mongrel_rails:128:in `run'
    /opt/local/lib/ruby/gems/1.8/gems/mongrel-1.1.5/lib/mongrel/command.rb:212:in `run'
    /opt/local/lib/ruby/gems/1.8/gems/mongrel-1.1.5/bin/mongrel_rails:281
    /opt/local/lib/ruby/gems/1.8/gems/activesupport-2.2.2/lib/active_support/dependencies.rb:142:in `load_without_new_constant_marking'
    /opt/local/lib/ruby/gems/1.8/gems/activesupport-2.2.2/lib/active_support/dependencies.rb:142:in `load'
    /opt/local/lib/ruby/gems/1.8/gems/activesupport-2.2.2/lib/active_support/dependencies.rb:521:in `new_constants_in'
    /opt/local/lib/ruby/gems/1.8/gems/activesupport-2.2.2/lib/active_support/dependencies.rb:142:in `load'
    /opt/local/lib/ruby/gems/1.8/gems/rails-2.2.2/lib/commands/servers/mongrel.rb:64
    /opt/local/lib/ruby/site_ruby/1.8/rubygems/custom_require.rb:31:in `gem_original_require'
    /opt/local/lib/ruby/site_ruby/1.8/rubygems/custom_require.rb:31:in `require'
    /opt/local/lib/ruby/gems/1.8/gems/activesupport-2.2.2/lib/active_support/dependencies.rb:153:in `require'
    /opt/local/lib/ruby/gems/1.8/gems/activesupport-2.2.2/lib/active_support/dependencies.rb:521:in `new_constants_in'
    /opt/local/lib/ruby/gems/1.8/gems/activesupport-2.2.2/lib/active_support/dependencies.rb:153:in `require'
    /opt/local/lib/ruby/gems/1.8/gems/rails-2.2.2/lib/commands/server.rb:49
    /opt/local/lib/ruby/site_ruby/1.8/rubygems/custom_require.rb:31:in `gem_original_require'
    /opt/local/lib/ruby/site_ruby/1.8/rubygems/custom_require.rb:31:in `require'
    script/server:3

Rendering /opt/local/lib/ruby/gems/1.8/gems/actionpack-2.2.2/lib/action_controller/templates/rescues/layout.erb (not_found)


Processing SocialLifeController#index (for 127.0.0.1 at 2009-02-28 17:28:29) [GET]
Rendering template within layouts/social_life
Rendering social_life/index
Completed in 8ms (View: 5, DB: 0) | 200 OK [http://localhost/]


Processing SocialLifeController#index (for 127.0.0.1 at 2009-02-28 17:28:41) [GET]
Rendering template within layouts/social_life
Rendering social_life/index
Completed in 5ms (View: 3, DB: 0) | 200 OK [http://localhost/]


Processing SocialLifeController#index (for 127.0.0.1 at 2009-02-28 17:42:23) [GET]
Rendering template within layouts/social_life
Rendering social_life/index
Completed in 4ms (View: 3, DB: 0) | 200 OK [http://localhost/]


Processing SocialLifeController#index (for 127.0.0.1 at 2009-02-28 17:43:32) [GET]
Rendering template within layouts/social_life
Rendering social_life/index
Completed in 5ms (View: 3, DB: 0) | 200 OK [http://localhost/]


Processing SocialLifeController#index (for 127.0.0.1 at 2009-02-28 17:43:52) [GET]
Rendering template within layouts/social_life
Rendering social_life/index
Completed in 13ms (View: 4, DB: 0) | 200 OK [http://localhost/]


Processing SocialLifeController#index (for 127.0.0.1 at 2009-02-28 17:44:14) [GET]
Rendering template within layouts/social_life
Rendering social_life/index
Completed in 5ms (View: 4, DB: 0) | 200 OK [http://localhost/]


Processing SocialLifeController#index (for 127.0.0.1 at 2009-02-28 17:44:26) [GET]
Rendering template within layouts/social_life
Rendering social_life/index
Completed in 5ms (View: 3, DB: 0) | 200 OK [http://localhost/]


Processing SocialLifeController#index (for 127.0.0.1 at 2009-02-28 17:44:37) [GET]
Rendering template within layouts/social_life
Rendering social_life/index
Completed in 7ms (View: 5, DB: 0) | 200 OK [http://localhost/]


Processing SocialLifeController#index (for 127.0.0.1 at 2009-02-28 17:44:40) [GET]
Rendering template within layouts/social_life
Rendering social_life/index
Completed in 5ms (View: 3, DB: 0) | 200 OK [http://localhost/]


Processing SocialLifeController#index (for 127.0.0.1 at 2009-02-28 17:45:39) [GET]
Rendering template within layouts/social_life
Rendering social_life/index
Completed in 4ms (View: 3, DB: 0) | 200 OK [http://localhost/]


Processing SocialLifeController#index (for 127.0.0.1 at 2009-02-28 17:45:58) [GET]
Rendering template within layouts/social_life
Rendering social_life/index
Completed in 4ms (View: 3, DB: 0) | 200 OK [http://localhost/]


Processing SocialLifeController#index (for 127.0.0.1 at 2009-02-28 17:46:03) [GET]
Rendering template within layouts/social_life
Rendering social_life/index
Completed in 4ms (View: 3, DB: 0) | 200 OK [http://localhost/]


Processing SocialLifeController#index (for 127.0.0.1 at 2009-02-28 17:46:19) [GET]
Rendering template within layouts/social_life
Rendering social_life/index
Completed in 4ms (View: 3, DB: 0) | 200 OK [http://localhost/]


Processing SocialLifeController#index (for 127.0.0.1 at 2009-03-10 15:08:19) [GET]
Rendering template within layouts/social_life
Rendering social_life/index
Completed in 26ms (View: 24, DB: 0) | 200 OK [http://localhost/]


Processing SocialLifeController#index (for 127.0.0.1 at 2009-03-10 15:09:25) [GET]
Rendering template within layouts/social_life
Rendering social_life/index
Completed in 5ms (View: 4, DB: 0) | 200 OK [http://localhost/]


Processing SocialLifeController#index (for 127.0.0.1 at 2009-03-10 15:09:36) [GET]
Rendering template within layouts/social_life
Rendering social_life/index
Completed in 5ms (View: 3, DB: 0) | 200 OK [http://localhost/]


Processing SocialLifeController#index (for 127.0.0.1 at 2009-03-10 15:09:40) [GET]
Rendering template within layouts/social_life
Rendering social_life/index
Completed in 5ms (View: 4, DB: 0) | 200 OK [http://localhost/]


Processing SocialLifeController#index (for 127.0.0.1 at 2009-03-10 15:09:45) [GET]
Rendering template within layouts/social_life
Rendering social_life/index
Completed in 5ms (View: 4, DB: 0) | 200 OK [http://localhost/]


Processing SocialLifeController#index (for 127.0.0.1 at 2009-03-10 15:09:52) [GET]
Rendering template within layouts/social_life
Rendering social_life/index
Completed in 5ms (View: 4, DB: 0) | 200 OK [http://localhost/]


Processing SocialLifeController#index (for 127.0.0.1 at 2009-03-10 15:09:59) [GET]
Rendering template within layouts/social_life
Rendering social_life/index
Completed in 5ms (View: 3, DB: 0) | 200 OK [http://localhost/]


Processing SocialLifeController#index (for 127.0.0.1 at 2009-03-10 15:10:06) [GET]
Rendering template within layouts/social_life
Rendering social_life/index
Completed in 5ms (View: 3, DB: 0) | 200 OK [http://localhost/]


Processing SocialLifeController#index (for 127.0.0.1 at 2009-03-10 15:10:21) [GET]
Rendering template within layouts/social_life
Rendering social_life/index
Completed in 6ms (View: 4, DB: 0) | 200 OK [http://localhost/]


Processing SocialLifeController#index (for 127.0.0.1 at 2009-03-10 16:40:20) [GET]
Rendering template within layouts/social_life
Rendering social_life/index
Completed in 5ms (View: 4, DB: 0) | 200 OK [http://localhost/]


Processing SocialLifeController#index (for 127.0.0.1 at 2009-03-10 16:40:35) [GET]
Rendering template within layouts/social_life
Rendering social_life/index
Completed in 5ms (View: 3, DB: 0) | 200 OK [http://localhost/]


Processing SocialLifeController#index (for 127.0.0.1 at 2009-03-10 16:40:46) [GET]
Rendering template within layouts/social_life
Rendering social_life/index
Completed in 5ms (View: 4, DB: 0) | 200 OK [http://localhost/]


Processing SocialLifeController#index (for 127.0.0.1 at 2009-03-10 16:40:57) [GET]
Rendering template within layouts/social_life
Rendering social_life/index
Completed in 10ms (View: 9, DB: 0) | 200 OK [http://localhost/]


Processing SocialLifeController#index (for 127.0.0.1 at 2009-03-10 16:41:00) [GET]
Rendering template within layouts/social_life
Rendering social_life/index
Completed in 5ms (View: 4, DB: 0) | 200 OK [http://localhost/]


Processing SocialLifeController#index (for 127.0.0.1 at 2009-03-10 16:41:06) [GET]
Rendering template within layouts/social_life
Rendering social_life/index
Completed in 5ms (View: 4, DB: 0) | 200 OK [http://localhost/]


Processing SocialLifeController#index (for 127.0.0.1 at 2009-03-10 16:41:12) [GET]
Rendering template within layouts/social_life
Rendering social_life/index
Completed in 5ms (View: 3, DB: 0) | 200 OK [http://localhost/]


Processing SocialLifeController#index (for 127.0.0.1 at 2009-03-10 16:41:24) [GET]
Rendering template within layouts/social_life
Rendering social_life/index
Completed in 5ms (View: 4, DB: 0) | 200 OK [http://localhost/]


Processing SocialLifeController#index (for 127.0.0.1 at 2009-03-10 16:41:29) [GET]
Rendering template within layouts/social_life
Rendering social_life/index
Completed in 6ms (View: 4, DB: 0) | 200 OK [http://localhost/]


Processing SocialLifeController#index (for 127.0.0.1 at 2009-03-10 16:41:33) [GET]
Rendering template within layouts/social_life
Rendering social_life/index
Completed in 6ms (View: 5, DB: 0) | 200 OK [http://localhost/]


Processing SocialLifeController#index (for 127.0.0.1 at 2009-03-10 16:41:36) [GET]
Rendering template within layouts/social_life
Rendering social_life/index
Completed in 6ms (View: 4, DB: 0) | 200 OK [http://localhost/]


Processing SocialLifeController#index (for 127.0.0.1 at 2009-03-10 16:41:40) [GET]
Rendering template within layouts/social_life
Rendering social_life/index
Completed in 5ms (View: 4, DB: 0) | 200 OK [http://localhost/]


Processing SocialLifeController#index (for 127.0.0.1 at 2009-03-10 16:41:45) [GET]
Rendering template within layouts/social_life
Rendering social_life/index
Completed in 5ms (View: 4, DB: 0) | 200 OK [http://localhost/]


Processing SocialLifeController#index (for 127.0.0.1 at 2009-03-10 16:41:50) [GET]
Rendering template within layouts/social_life
Rendering social_life/index
Completed in 5ms (View: 4, DB: 0) | 200 OK [http://localhost/]


Processing SocialLifeController#index (for 127.0.0.1 at 2009-03-10 16:41:55) [GET]
Rendering template within layouts/social_life
Rendering social_life/index
Completed in 5ms (View: 4, DB: 0) | 200 OK [http://localhost/]


Processing SocialLifeController#index (for 127.0.0.1 at 2009-03-10 16:42:14) [GET]
Rendering template within layouts/social_life
Rendering social_life/index
Completed in 72ms (View: 4, DB: 0) | 200 OK [http://localhost/]


Processing SocialLifeController#index (for 127.0.0.1 at 2009-03-10 16:42:25) [GET]
Rendering template within layouts/social_life
Rendering social_life/index
Completed in 5ms (View: 4, DB: 0) | 200 OK [http://localhost/]


Processing SocialLifeController#index (for 127.0.0.1 at 2009-03-10 16:42:29) [GET]
Rendering template within layouts/social_life
Rendering social_life/index
Completed in 5ms (View: 4, DB: 0) | 200 OK [http://localhost/]


Processing SocialLifeController#index (for 127.0.0.1 at 2009-03-10 16:42:39) [GET]
Rendering template within layouts/social_life
Rendering social_life/index
Completed in 5ms (View: 3, DB: 0) | 200 OK [http://localhost/]


Processing SocialLifeController#index (for 127.0.0.1 at 2009-03-10 18:47:51) [GET]
Rendering template within layouts/social_life
Rendering social_life/index
Completed in 9ms (View: 7, DB: 0) | 200 OK [http://localhost/]


Processing SocialLifeController#index (for 127.0.0.1 at 2009-03-10 18:48:00) [GET]
Rendering template within layouts/social_life
Rendering social_life/index
Completed in 5ms (View: 4, DB: 0) | 200 OK [http://localhost/]


Processing SocialLifeController#index (for 127.0.0.1 at 2009-03-10 18:48:06) [GET]
Rendering template within layouts/social_life
Rendering social_life/index
Completed in 5ms (View: 4, DB: 0) | 200 OK [http://localhost/]


Processing SocialLifeController#index (for 127.0.0.1 at 2009-03-10 18:48:14) [GET]
Rendering template within layouts/social_life
Rendering social_life/index
Completed in 5ms (View: 4, DB: 0) | 200 OK [http://localhost/]


Processing SocialLifeController#index (for 127.0.0.1 at 2009-03-10 18:48:21) [GET]
Rendering template within layouts/social_life
Rendering social_life/index
Completed in 5ms (View: 4, DB: 0) | 200 OK [http://localhost/]
  [4;36;1mSQL (1.9ms)[0m   [0;1m SELECT name
 FROM sqlite_master
 WHERE type = 'table' AND NOT name = 'sqlite_sequence'
[0m
  [4;35;1mSQL (0.3ms)[0m   [0mselect sqlite_version(*)[0m
  [4;36;1mSQL (3.5ms)[0m   [0;1mCREATE TABLE "schema_migrations" ("version" varchar(255) NOT NULL) [0m
  [4;35;1mSQL (4.4ms)[0m   [0mCREATE UNIQUE INDEX "unique_schema_migrations" ON "schema_migrations" ("version")[0m
  [4;36;1mSQL (0.7ms)[0m   [0;1m SELECT name
 FROM sqlite_master
 WHERE type = 'table' AND NOT name = 'sqlite_sequence'
[0m
  [4;35;1mSQL (0.3ms)[0m   [0mSELECT version FROM schema_migrations[0m
Migrating to CreateEvents (20090311005732)
  [4;36;1mSQL (3.5ms)[0m   [0;1mCREATE TABLE "events" ("id" INTEGER PRIMARY KEY AUTOINCREMENT NOT NULL, "title" varchar(255), "theme" varchar(255), "location_id" integer, "projected_cost" integer, "ticket_type_id" integer, "notes" text, "created_at" datetime, "updated_at" datetime) [0m
  [4;35;1mSQL (3.9ms)[0m   [0mINSERT INTO schema_migrations (version) VALUES ('20090311005732')[0m
Migrating to CreateUsers (20090311010927)
  [4;36;1mSQL (2.6ms)[0m   [0;1mCREATE TABLE "users" ("id" INTEGER PRIMARY KEY AUTOINCREMENT NOT NULL, "username" varchar(255), "first_name" varchar(255), "last_name" varchar(255), "admin" boolean, "member" boolean, "invitee" boolean, "password" varchar(255), "created_at" datetime, "updated_at" datetime) [0m
  [4;35;1mSQL (3.3ms)[0m   [0mINSERT INTO schema_migrations (version) VALUES ('20090311010927')[0m
Migrating to CreateLocations (20090311011233)
  [4;36;1mSQL (3.4ms)[0m   [0;1mCREATE TABLE "locations" ("id" INTEGER PRIMARY KEY AUTOINCREMENT NOT NULL, "name" varchar(255), "street_address" varchar(255), "city" varchar(255), "zip" varchar(255), "cost" integer, "capacity" integer, "created_at" datetime, "updated_at" datetime) [0m
  [4;35;1mSQL (3.3ms)[0m   [0mINSERT INTO schema_migrations (version) VALUES ('20090311011233')[0m
Migrating to CreateContacts (20090311011245)
  [4;36;1mSQL (2.9ms)[0m   [0;1mCREATE TABLE "contacts" ("id" INTEGER PRIMARY KEY AUTOINCREMENT NOT NULL, "first_name" varchar(255), "last_name" varchar(255), "email" varchar(255), "location_id" integer, "notes" text, "created_at" datetime, "updated_at" datetime) [0m
  [4;35;1mSQL (2.7ms)[0m   [0mINSERT INTO schema_migrations (version) VALUES ('20090311011245')[0m
Migrating to CreateTicketTypes (20090311011358)
  [4;36;1mSQL (2.7ms)[0m   [0;1m SELECT name
 FROM sqlite_master
 WHERE type = 'table' AND NOT name = 'sqlite_sequence'
[0m
  [4;35;1mSQL (0.3ms)[0m   [0mSELECT version FROM schema_migrations[0m
Migrating to CreateEvents (20090311005732)
Migrating to CreateUsers (20090311010927)
Migrating to CreateLocations (20090311011233)
Migrating to CreateContacts (20090311011245)
Migrating to CreateTicketTypes (20090311011358)
  [4;36;1mSQL (0.2ms)[0m   [0;1mselect sqlite_version(*)[0m
  [4;35;1mSQL (4.1ms)[0m   [0mCREATE TABLE "ticket_types" ("id" INTEGER PRIMARY KEY AUTOINCREMENT NOT NULL, "name" varchar(255), "created_at" datetime, "updated_at" datetime) [0m
  [4;36;1mSQL (3.0ms)[0m   [0;1mINSERT INTO schema_migrations (version) VALUES ('20090311011358')[0m
  [4;35;1mSQL (1.6ms)[0m   [0m SELECT name
 FROM sqlite_master
 WHERE type = 'table' AND NOT name = 'sqlite_sequence'
[0m
  [4;36;1mSQL (1.2ms)[0m   [0;1mSELECT version FROM schema_migrations[0m
  [4;35;1mSQL (0.8ms)[0m   [0m SELECT name
 FROM sqlite_master
 WHERE type = 'table' AND NOT name = 'sqlite_sequence'
[0m
  [4;36;1mSQL (0.1ms)[0m   [0;1mPRAGMA index_list("contacts")[0m
  [4;35;1mSQL (0.1ms)[0m   [0mPRAGMA index_list("events")[0m
  [4;36;1mSQL (0.1ms)[0m   [0;1mPRAGMA index_list("locations")[0m
  [4;35;1mSQL (0.0ms)[0m   [0mPRAGMA index_list("ticket_types")[0m
  [4;36;1mSQL (0.1ms)[0m   [0;1mPRAGMA index_list("users")[0m


Processing ContactsController#index (for 127.0.0.1 at 2009-03-10 19:18:52) [GET]
  [4;36;1mContact Load (3.3ms)[0m   [0;1mSELECT * FROM "contacts" [0m
Rendering template within layouts/contacts
Rendering contacts/index
Completed in 12ms (View: 4, DB: 3) | 200 OK [http://localhost/contacts]


Processing EventsController#index (for 127.0.0.1 at 2009-03-10 19:18:59) [GET]
  [4;35;1mEvent Load (0.5ms)[0m   [0mSELECT * FROM "events" [0m
Rendering template within layouts/events
Rendering events/index
Completed in 8ms (View: 4, DB: 1) | 200 OK [http://localhost/events]


Processing EventsController#index (for 127.0.0.1 at 2009-03-10 19:27:07) [GET]
  [4;36;1mEvent Load (0.5ms)[0m   [0;1mSELECT * FROM "events" [0m
Rendering template within layouts/standard
Rendering events/index
Completed in 7ms (View: 3, DB: 0) | 200 OK [http://localhost/events]


Processing EventsController#index (for 127.0.0.1 at 2009-03-10 19:27:11) [GET]
  [4;35;1mEvent Load (0.5ms)[0m   [0mSELECT * FROM "events" [0m
Rendering template within layouts/standard
Rendering events/index
Completed in 8ms (View: 3, DB: 1) | 200 OK [http://localhost/events]


Processing LocationsController#index (for 127.0.0.1 at 2009-03-10 19:27:12) [GET]
  [4;36;1mLocation Load (0.7ms)[0m   [0;1mSELECT * FROM "locations" [0m
Rendering template within layouts/standard
Rendering locations/index
Completed in 8ms (View: 3, DB: 1) | 200 OK [http://localhost/locations]


Processing ContactsController#index (for 127.0.0.1 at 2009-03-10 19:27:14) [GET]
  [4;35;1mContact Load (0.5ms)[0m   [0mSELECT * FROM "contacts" [0m
Rendering template within layouts/standard
Rendering contacts/index
Completed in 8ms (View: 4, DB: 1) | 200 OK [http://localhost/contacts]


Processing LocationsController#index (for 127.0.0.1 at 2009-03-10 19:48:51) [GET]
  [4;36;1mLocation Load (0.5ms)[0m   [0;1mSELECT * FROM "locations" [0m
Rendering template within layouts/standard
Rendering locations/index
Completed in 87ms (View: 81, DB: 1) | 200 OK [http://localhost/locations]


Processing EventsController#index (for 127.0.0.1 at 2009-03-10 19:48:52) [GET]
  [4;35;1mEvent Load (0.5ms)[0m   [0mSELECT * FROM "events" [0m
Rendering template within layouts/standard
Rendering events/index
Completed in 23ms (View: 18, DB: 1) | 200 OK [http://localhost/events]


Processing ContactsController#index (for 127.0.0.1 at 2009-03-10 19:48:53) [GET]
  [4;36;1mContact Load (0.5ms)[0m   [0;1mSELECT * FROM "contacts" [0m
Rendering template within layouts/standard
Rendering contacts/index
Completed in 12ms (View: 6, DB: 1) | 200 OK [http://localhost/contacts]


Processing UsersController#index (for 127.0.0.1 at 2009-03-10 19:48:55) [GET]
  [4;35;1mUser Load (0.5ms)[0m   [0mSELECT * FROM "users" [0m
Rendering template within layouts/standard
Rendering users/index
Completed in 8ms (View: 3, DB: 1) | 200 OK [http://localhost/users]


Processing SocialLifeController#index (for 127.0.0.1 at 2009-03-10 19:48:56) [GET]
Rendering template within layouts/social_life
Rendering social_life/index
Completed in 5ms (View: 4, DB: 0) | 200 OK [http://localhost/]


Processing EventsController#index (for 127.0.0.1 at 2009-03-10 19:49:01) [GET]
  [4;36;1mEvent Load (0.5ms)[0m   [0;1mSELECT * FROM "events" [0m
Rendering template within layouts/standard
Rendering events/index
Completed in 7ms (View: 3, DB: 0) | 200 OK [http://localhost/events]


Processing EventsController#new (for 127.0.0.1 at 2009-03-10 19:49:02) [GET]
Rendering template within layouts/standard
Rendering events/new
Completed in 13ms (View: 7, DB: 0) | 200 OK [http://localhost/events/new]


Processing SocialLifeController#index (for 127.0.0.1 at 2009-03-10 19:49:08) [GET]
Rendering template within layouts/social_life
Rendering social_life/index
Completed in 5ms (View: 4, DB: 0) | 200 OK [http://localhost/]


Processing LocationsController#index (for 127.0.0.1 at 2009-03-10 19:49:11) [GET]
  [4;35;1mLocation Load (0.5ms)[0m   [0mSELECT * FROM "locations" [0m
Rendering template within layouts/standard
Rendering locations/index
Completed in 88ms (View: 3, DB: 1) | 200 OK [http://localhost/locations]


Processing LocationsController#new (for 127.0.0.1 at 2009-03-10 19:49:12) [GET]
Rendering template within layouts/standard
Rendering locations/new
Completed in 12ms (View: 6, DB: 0) | 200 OK [http://localhost/locations/new]


Processing LocationsController#create (for 127.0.0.1 at 2009-03-10 19:49:38) [POST]
  Parameters: {"commit"=>"Create", "authenticity_token"=>"0048c96715bfdbd792590eeb8557c52a94bc4056", "location"=>{"city"=>"Boulder", "name"=>"The West End Tavern", "zip"=>"80302", "cost"=>"", "street_address"=>"8th and Pearl", "capacity"=>""}}
  [4;36;1mLocation Create (0.9ms)[0m   [0;1mINSERT INTO "locations" ("name", "city", "zip", "updated_at", "cost", "street_address", "capacity", "created_at") VALUES('The West End Tavern', 'Boulder', '80302', '2009-03-11 01:49:38', NULL, '8th and Pearl', NULL, '2009-03-11 01:49:38')[0m
Redirected to #<Location:0x3921f00>
Completed in 14ms (DB: 1) | 302 Found [http://localhost/locations]


Processing LocationsController#show (for 127.0.0.1 at 2009-03-10 19:49:38) [GET]
  Parameters: {"id"=>"1"}
  [4;35;1mLocation Load (0.5ms)[0m   [0mSELECT * FROM "locations" WHERE ("locations"."id" = 1) [0m
Rendering template within layouts/standard
Rendering locations/show
Completed in 11ms (View: 5, DB: 1) | 200 OK [http://localhost/locations/1]


Processing LocationsController#index (for 127.0.0.1 at 2009-03-10 19:49:42) [GET]
  [4;36;1mLocation Load (1.0ms)[0m   [0;1mSELECT * FROM "locations" [0m
Rendering template within layouts/standard
Rendering locations/index
Completed in 11ms (View: 6, DB: 1) | 200 OK [http://localhost/locations]


Processing EventsController#index (for 127.0.0.1 at 2009-03-10 19:50:40) [GET]
  [4;35;1mEvent Load (0.5ms)[0m   [0mSELECT * FROM "events" [0m
Rendering template within layouts/standard
Rendering events/index
Completed in 7ms (View: 3, DB: 0) | 200 OK [http://localhost/events]


Processing EventsController#new (for 127.0.0.1 at 2009-03-10 19:50:41) [GET]
Rendering template within layouts/standard
Rendering events/new
  [4;36;1mLocation Load (0.4ms)[0m   [0;1mSELECT * FROM "locations" [0m
Completed in 17ms (View: 11, DB: 0) | 200 OK [http://localhost/events/new]


Processing EventsController#new (for 127.0.0.1 at 2009-03-10 19:51:15) [GET]
Rendering template within layouts/standard
Rendering events/new
  [4;35;1mLocation Load (0.4ms)[0m   [0mSELECT * FROM "locations" [0m
Completed in 103ms (View: 97, DB: 0) | 200 OK [http://localhost/events/new]


Processing EventsController#new (for 127.0.0.1 at 2009-03-10 19:51:24) [GET]
Rendering template within layouts/standard
Rendering events/new
  [4;36;1mLocation Load (0.4ms)[0m   [0;1mSELECT * FROM "locations" [0m
  [4;35;1mTicketType Load (0.2ms)[0m   [0mSELECT * FROM "ticket_types" [0m
Completed in 21ms (View: 14, DB: 1) | 200 OK [http://localhost/events/new]


Processing EventsController#show (for 127.0.0.1 at 2009-03-10 19:51:35) [GET]
  Parameters: {"id"=>"ticket_types"}
  [4;36;1mEvent Load (0.2ms)[0m   [0;1mSELECT * FROM "events" WHERE ("events"."id" = 0) [0m


ActiveRecord::RecordNotFound (Couldn't find Event with ID=ticket_types):
    /opt/local/lib/ruby/gems/1.8/gems/activerecord-2.2.2/lib/active_record/base.rb:1528:in `find_one'
    /opt/local/lib/ruby/gems/1.8/gems/activerecord-2.2.2/lib/active_record/base.rb:1511:in `find_from_ids'
    /opt/local/lib/ruby/gems/1.8/gems/activerecord-2.2.2/lib/active_record/base.rb:590:in `find'
    /app/controllers/events_controller.rb:18:in `show'
    /opt/local/lib/ruby/gems/1.8/gems/actionpack-2.2.2/lib/action_controller/base.rb:1253:in `send'
    /opt/local/lib/ruby/gems/1.8/gems/actionpack-2.2.2/lib/action_controller/base.rb:1253:in `perform_action_without_filters'
    /opt/local/lib/ruby/gems/1.8/gems/actionpack-2.2.2/lib/action_controller/filters.rb:617:in `call_filters'
    /opt/local/lib/ruby/gems/1.8/gems/actionpack-2.2.2/lib/action_controller/filters.rb:610:in `perform_action_without_benchmark'
    /opt/local/lib/ruby/gems/1.8/gems/actionpack-2.2.2/lib/action_controller/benchmarking.rb:68:in `perform_action_without_rescue'
    /opt/local/lib/ruby/1.8/benchmark.rb:293:in `measure'
    /opt/local/lib/ruby/gems/1.8/gems/actionpack-2.2.2/lib/action_controller/benchmarking.rb:68:in `perform_action_without_rescue'
    /opt/local/lib/ruby/gems/1.8/gems/actionpack-2.2.2/lib/action_controller/rescue.rb:136:in `perform_action_without_caching'
    /opt/local/lib/ruby/gems/1.8/gems/actionpack-2.2.2/lib/action_controller/caching/sql_cache.rb:13:in `perform_action'
    /opt/local/lib/ruby/gems/1.8/gems/activerecord-2.2.2/lib/active_record/connection_adapters/abstract/query_cache.rb:34:in `cache'
    /opt/local/lib/ruby/gems/1.8/gems/activerecord-2.2.2/lib/active_record/query_cache.rb:8:in `cache'
    /opt/local/lib/ruby/gems/1.8/gems/actionpack-2.2.2/lib/action_controller/caching/sql_cache.rb:12:in `perform_action'
    /opt/local/lib/ruby/gems/1.8/gems/actionpack-2.2.2/lib/action_controller/base.rb:524:in `send'
    /opt/local/lib/ruby/gems/1.8/gems/actionpack-2.2.2/lib/action_controller/base.rb:524:in `process_without_filters'
    /opt/local/lib/ruby/gems/1.8/gems/actionpack-2.2.2/lib/action_controller/filters.rb:606:in `process_without_session_management_support'
    /opt/local/lib/ruby/gems/1.8/gems/actionpack-2.2.2/lib/action_controller/session_management.rb:134:in `process'
    /opt/local/lib/ruby/gems/1.8/gems/actionpack-2.2.2/lib/action_controller/base.rb:392:in `process'
    /opt/local/lib/ruby/gems/1.8/gems/actionpack-2.2.2/lib/action_controller/dispatcher.rb:183:in `handle_request'
    /opt/local/lib/ruby/gems/1.8/gems/actionpack-2.2.2/lib/action_controller/dispatcher.rb:110:in `dispatch_unlocked'
    /opt/local/lib/ruby/gems/1.8/gems/actionpack-2.2.2/lib/action_controller/dispatcher.rb:123:in `dispatch'
    /opt/local/lib/ruby/gems/1.8/gems/actionpack-2.2.2/lib/action_controller/dispatcher.rb:122:in `synchronize'
    /opt/local/lib/ruby/gems/1.8/gems/actionpack-2.2.2/lib/action_controller/dispatcher.rb:122:in `dispatch'
    /opt/local/lib/ruby/gems/1.8/gems/actionpack-2.2.2/lib/action_controller/dispatcher.rb:132:in `dispatch_cgi'
    /opt/local/lib/ruby/gems/1.8/gems/actionpack-2.2.2/lib/action_controller/dispatcher.rb:39:in `dispatch'
    /opt/local/lib/ruby/gems/1.8/gems/mongrel-1.1.5/bin/../lib/mongrel/rails.rb:76:in `process'
    /opt/local/lib/ruby/gems/1.8/gems/mongrel-1.1.5/bin/../lib/mongrel/rails.rb:74:in `synchronize'
    /opt/local/lib/ruby/gems/1.8/gems/mongrel-1.1.5/bin/../lib/mongrel/rails.rb:74:in `process'
    /opt/local/lib/ruby/gems/1.8/gems/mongrel-1.1.5/lib/mongrel.rb:159:in `process_client'
    /opt/local/lib/ruby/gems/1.8/gems/mongrel-1.1.5/lib/mongrel.rb:158:in `each'
    /opt/local/lib/ruby/gems/1.8/gems/mongrel-1.1.5/lib/mongrel.rb:158:in `process_client'
    /opt/local/lib/ruby/gems/1.8/gems/mongrel-1.1.5/lib/mongrel.rb:285:in `run'
    /opt/local/lib/ruby/gems/1.8/gems/mongrel-1.1.5/lib/mongrel.rb:285:in `initialize'
    /opt/local/lib/ruby/gems/1.8/gems/mongrel-1.1.5/lib/mongrel.rb:285:in `new'
    /opt/local/lib/ruby/gems/1.8/gems/mongrel-1.1.5/lib/mongrel.rb:285:in `run'
    /opt/local/lib/ruby/gems/1.8/gems/mongrel-1.1.5/lib/mongrel.rb:268:in `initialize'
    /opt/local/lib/ruby/gems/1.8/gems/mongrel-1.1.5/lib/mongrel.rb:268:in `new'
    /opt/local/lib/ruby/gems/1.8/gems/mongrel-1.1.5/lib/mongrel.rb:268:in `run'
    /opt/local/lib/ruby/gems/1.8/gems/mongrel-1.1.5/lib/mongrel/configurator.rb:282:in `run'
    /opt/local/lib/ruby/gems/1.8/gems/mongrel-1.1.5/lib/mongrel/configurator.rb:281:in `each'
    /opt/local/lib/ruby/gems/1.8/gems/mongrel-1.1.5/lib/mongrel/configurator.rb:281:in `run'
    /opt/local/lib/ruby/gems/1.8/gems/mongrel-1.1.5/bin/mongrel_rails:128:in `run'
    /opt/local/lib/ruby/gems/1.8/gems/mongrel-1.1.5/lib/mongrel/command.rb:212:in `run'
    /opt/local/lib/ruby/gems/1.8/gems/mongrel-1.1.5/bin/mongrel_rails:281
    /opt/local/lib/ruby/gems/1.8/gems/activesupport-2.2.2/lib/active_support/dependencies.rb:142:in `load_without_new_constant_marking'
    /opt/local/lib/ruby/gems/1.8/gems/activesupport-2.2.2/lib/active_support/dependencies.rb:142:in `load'
    /opt/local/lib/ruby/gems/1.8/gems/activesupport-2.2.2/lib/active_support/dependencies.rb:521:in `new_constants_in'
    /opt/local/lib/ruby/gems/1.8/gems/activesupport-2.2.2/lib/active_support/dependencies.rb:142:in `load'
    /opt/local/lib/ruby/gems/1.8/gems/rails-2.2.2/lib/commands/servers/mongrel.rb:64
    /opt/local/lib/ruby/site_ruby/1.8/rubygems/custom_require.rb:31:in `gem_original_require'
    /opt/local/lib/ruby/site_ruby/1.8/rubygems/custom_require.rb:31:in `require'
    /opt/local/lib/ruby/gems/1.8/gems/activesupport-2.2.2/lib/active_support/dependencies.rb:153:in `require'
    /opt/local/lib/ruby/gems/1.8/gems/activesupport-2.2.2/lib/active_support/dependencies.rb:521:in `new_constants_in'
    /opt/local/lib/ruby/gems/1.8/gems/activesupport-2.2.2/lib/active_support/dependencies.rb:153:in `require'
    /opt/local/lib/ruby/gems/1.8/gems/rails-2.2.2/lib/commands/server.rb:49
    /opt/local/lib/ruby/site_ruby/1.8/rubygems/custom_require.rb:31:in `gem_original_require'
    /opt/local/lib/ruby/site_ruby/1.8/rubygems/custom_require.rb:31:in `require'
    script/server:3

Rendered /opt/local/lib/ruby/gems/1.8/gems/actionpack-2.2.2/lib/action_controller/templates/rescues/_trace (33.0ms)
Rendered /opt/local/lib/ruby/gems/1.8/gems/actionpack-2.2.2/lib/action_controller/templates/rescues/_request_and_response (0.8ms)
Rendering /opt/local/lib/ruby/gems/1.8/gems/actionpack-2.2.2/lib/action_controller/templates/rescues/layout.erb (not_found)


Processing TicketTypesController#index (for 127.0.0.1 at 2009-03-10 19:51:38) [GET]
  [4;35;1mTicketType Load (0.5ms)[0m   [0mSELECT * FROM "ticket_types" [0m
Rendering template within layouts/standard
Rendering ticket_types/index
ERROR: compiling _run_erb_app47views47ticket_types47index46html46erb RAISED compile error
/Users/tyler/apps/tm_apps/thebouldersocialclub/app/views/ticket_types/index.html.erb:10: syntax error, unexpected ')'
@output_buffer.concat "    <td>"; @output_buffer.concat((h ticket_type. ).to_s); @output_buffer.concat "</td>\n"
                                                                         ^
Function body:           def _run_erb_app47views47ticket_types47index46html46erb(local_assigns)
            old_output_buffer = output_buffer;;@output_buffer = '';  __in_erb_template=true ; @output_buffer.concat "<h1>Listing ticket_types</h1>\n"
@output_buffer.concat "\n"
@output_buffer.concat "<table>\n"
@output_buffer.concat "  <tr>\n"
@output_buffer.concat "    <th></th>\n"
@output_buffer.concat "  </tr>\n"
@output_buffer.concat "\n"
 for ticket_type in @ticket_types ; @output_buffer.concat "\n"
@output_buffer.concat "  <tr>\n"
@output_buffer.concat "    <td>"; @output_buffer.concat((h ticket_type. ).to_s); @output_buffer.concat "</td>\n"
@output_buffer.concat "    <td>"; @output_buffer.concat(( link_to 'Show', ticket_type ).to_s); @output_buffer.concat "</td>\n"
@output_buffer.concat "    <td>"; @output_buffer.concat(( link_to 'Edit', edit_ticket_type_path(ticket_type) ).to_s); @output_buffer.concat "</td>\n"
@output_buffer.concat "    <td>"; @output_buffer.concat(( link_to 'Destroy', ticket_type, :confirm => 'Are you sure?', :method => :delete ).to_s); @output_buffer.concat "</td>\n"
@output_buffer.concat "  </tr>\n"
 end ; @output_buffer.concat "\n"
@output_buffer.concat "</table>\n"
@output_buffer.concat "\n"
@output_buffer.concat "<br />\n"
@output_buffer.concat "\n"
@output_buffer.concat(( link_to 'New ticket_type', new_ticket_type_path ).to_s); @output_buffer.concat "\n"
@output_buffer
          ensure
            self.output_buffer = old_output_buffer
          end
Backtrace: /Users/tyler/apps/tm_apps/thebouldersocialclub/app/views/ticket_types/index.html.erb:24:in `compile!'
/opt/local/lib/ruby/gems/1.8/gems/actionpack-2.2.2/lib/action_view/renderable.rb:66:in `compile'
/opt/local/lib/ruby/gems/1.8/gems/actionpack-2.2.2/lib/action_view/renderable.rb:64:in `synchronize'
/opt/local/lib/ruby/gems/1.8/gems/actionpack-2.2.2/lib/action_view/renderable.rb:64:in `compile'
/opt/local/lib/ruby/gems/1.8/gems/actionpack-2.2.2/lib/action_view/renderable.rb:26:in `render'
/opt/local/lib/ruby/gems/1.8/gems/actionpack-2.2.2/lib/action_view/template.rb:73:in `render_template'
/opt/local/lib/ruby/gems/1.8/gems/actionpack-2.2.2/lib/action_view/base.rb:256:in `render'
/opt/local/lib/ruby/gems/1.8/gems/actionpack-2.2.2/lib/action_view/base.rb:367:in `_render_with_layout'
/opt/local/lib/ruby/gems/1.8/gems/actionpack-2.2.2/lib/action_view/base.rb:254:in `render'
/opt/local/lib/ruby/gems/1.8/gems/actionpack-2.2.2/lib/action_controller/base.rb:1174:in `render_for_file'
/opt/local/lib/ruby/gems/1.8/gems/actionpack-2.2.2/lib/action_controller/base.rb:905:in `render_without_benchmark'
/opt/local/lib/ruby/gems/1.8/gems/actionpack-2.2.2/lib/action_controller/benchmarking.rb:51:in `render'
/opt/local/lib/ruby/gems/1.8/gems/activesupport-2.2.2/lib/active_support/core_ext/benchmark.rb:8:in `realtime'
/opt/local/lib/ruby/gems/1.8/gems/actionpack-2.2.2/lib/action_controller/benchmarking.rb:51:in `render'
/opt/local/lib/ruby/gems/1.8/gems/actionpack-2.2.2/lib/action_controller/mime_responds.rb:135:in `send'
/opt/local/lib/ruby/gems/1.8/gems/actionpack-2.2.2/lib/action_controller/mime_responds.rb:135:in `custom'
/opt/local/lib/ruby/gems/1.8/gems/actionpack-2.2.2/lib/action_controller/mime_responds.rb:164:in `call'
/opt/local/lib/ruby/gems/1.8/gems/actionpack-2.2.2/lib/action_controller/mime_responds.rb:164:in `respond'
/opt/local/lib/ruby/gems/1.8/gems/actionpack-2.2.2/lib/action_controller/mime_responds.rb:158:in `each'
/opt/local/lib/ruby/gems/1.8/gems/actionpack-2.2.2/lib/action_controller/mime_responds.rb:158:in `respond'
/opt/local/lib/ruby/gems/1.8/gems/actionpack-2.2.2/lib/action_controller/mime_responds.rb:107:in `respond_to'
/Users/tyler/apps/tm_apps/thebouldersocialclub/app/controllers/ticket_types_controller.rb:9:in `index'
/opt/local/lib/ruby/gems/1.8/gems/actionpack-2.2.2/lib/action_controller/base.rb:1253:in `send'
/opt/local/lib/ruby/gems/1.8/gems/actionpack-2.2.2/lib/action_controller/base.rb:1253:in `perform_action_without_filters'
/opt/local/lib/ruby/gems/1.8/gems/actionpack-2.2.2/lib/action_controller/filters.rb:617:in `call_filters'
/opt/local/lib/ruby/gems/1.8/gems/actionpack-2.2.2/lib/action_controller/filters.rb:610:in `perform_action_without_benchmark'
/opt/local/lib/ruby/gems/1.8/gems/actionpack-2.2.2/lib/action_controller/benchmarking.rb:68:in `perform_action_without_rescue'
/opt/local/lib/ruby/1.8/benchmark.rb:293:in `measure'
/opt/local/lib/ruby/gems/1.8/gems/actionpack-2.2.2/lib/action_controller/benchmarking.rb:68:in `perform_action_without_rescue'
/opt/local/lib/ruby/gems/1.8/gems/actionpack-2.2.2/lib/action_controller/rescue.rb:136:in `perform_action_without_caching'
/opt/local/lib/ruby/gems/1.8/gems/actionpack-2.2.2/lib/action_controller/caching/sql_cache.rb:13:in `perform_action'
/opt/local/lib/ruby/gems/1.8/gems/activerecord-2.2.2/lib/active_record/connection_adapters/abstract/query_cache.rb:34:in `cache'
/opt/local/lib/ruby/gems/1.8/gems/activerecord-2.2.2/lib/active_record/query_cache.rb:8:in `cache'
/opt/local/lib/ruby/gems/1.8/gems/actionpack-2.2.2/lib/action_controller/caching/sql_cache.rb:12:in `perform_action'
/opt/local/lib/ruby/gems/1.8/gems/actionpack-2.2.2/lib/action_controller/base.rb:524:in `send'
/opt/local/lib/ruby/gems/1.8/gems/actionpack-2.2.2/lib/action_controller/base.rb:524:in `process_without_filters'
/opt/local/lib/ruby/gems/1.8/gems/actionpack-2.2.2/lib/action_controller/filters.rb:606:in `process_without_session_management_support'
/opt/local/lib/ruby/gems/1.8/gems/actionpack-2.2.2/lib/action_controller/session_management.rb:134:in `process'
/opt/local/lib/ruby/gems/1.8/gems/actionpack-2.2.2/lib/action_controller/base.rb:392:in `process'
/opt/local/lib/ruby/gems/1.8/gems/actionpack-2.2.2/lib/action_controller/dispatcher.rb:183:in `handle_request'
/opt/local/lib/ruby/gems/1.8/gems/actionpack-2.2.2/lib/action_controller/dispatcher.rb:110:in `dispatch_unlocked'
/opt/local/lib/ruby/gems/1.8/gems/actionpack-2.2.2/lib/action_controller/dispatcher.rb:123:in `dispatch'
/opt/local/lib/ruby/gems/1.8/gems/actionpack-2.2.2/lib/action_controller/dispatcher.rb:122:in `synchronize'
/opt/local/lib/ruby/gems/1.8/gems/actionpack-2.2.2/lib/action_controller/dispatcher.rb:122:in `dispatch'
/opt/local/lib/ruby/gems/1.8/gems/actionpack-2.2.2/lib/action_controller/dispatcher.rb:132:in `dispatch_cgi'
/opt/local/lib/ruby/gems/1.8/gems/actionpack-2.2.2/lib/action_controller/dispatcher.rb:39:in `dispatch'
/opt/local/lib/ruby/gems/1.8/gems/mongrel-1.1.5/bin/../lib/mongrel/rails.rb:76:in `process'
/opt/local/lib/ruby/gems/1.8/gems/mongrel-1.1.5/bin/../lib/mongrel/rails.rb:74:in `synchronize'
/opt/local/lib/ruby/gems/1.8/gems/mongrel-1.1.5/bin/../lib/mongrel/rails.rb:74:in `process'
/opt/local/lib/ruby/gems/1.8/gems/mongrel-1.1.5/lib/mongrel.rb:159:in `process_client'
/opt/local/lib/ruby/gems/1.8/gems/mongrel-1.1.5/lib/mongrel.rb:158:in `each'
/opt/local/lib/ruby/gems/1.8/gems/mongrel-1.1.5/lib/mongrel.rb:158:in `process_client'
/opt/local/lib/ruby/gems/1.8/gems/mongrel-1.1.5/lib/mongrel.rb:285:in `run'
/opt/local/lib/ruby/gems/1.8/gems/mongrel-1.1.5/lib/mongrel.rb:285:in `initialize'
/opt/local/lib/ruby/gems/1.8/gems/mongrel-1.1.5/lib/mongrel.rb:285:in `new'
/opt/local/lib/ruby/gems/1.8/gems/mongrel-1.1.5/lib/mongrel.rb:285:in `run'
/opt/local/lib/ruby/gems/1.8/gems/mongrel-1.1.5/lib/mongrel.rb:268:in `initialize'
/opt/local/lib/ruby/gems/1.8/gems/mongrel-1.1.5/lib/mongrel.rb:268:in `new'
/opt/local/lib/ruby/gems/1.8/gems/mongrel-1.1.5/lib/mongrel.rb:268:in `run'
/opt/local/lib/ruby/gems/1.8/gems/mongrel-1.1.5/lib/mongrel/configurator.rb:282:in `run'
/opt/local/lib/ruby/gems/1.8/gems/mongrel-1.1.5/lib/mongrel/configurator.rb:281:in `each'
/opt/local/lib/ruby/gems/1.8/gems/mongrel-1.1.5/lib/mongrel/configurator.rb:281:in `run'
/opt/local/lib/ruby/gems/1.8/gems/mongrel-1.1.5/bin/mongrel_rails:128:in `run'
/opt/local/lib/ruby/gems/1.8/gems/mongrel-1.1.5/lib/mongrel/command.rb:212:in `run'
/opt/local/lib/ruby/gems/1.8/gems/mongrel-1.1.5/bin/mongrel_rails:281
/opt/local/lib/ruby/gems/1.8/gems/activesupport-2.2.2/lib/active_support/dependencies.rb:142:in `load_without_new_constant_marking'
/opt/local/lib/ruby/gems/1.8/gems/activesupport-2.2.2/lib/active_support/dependencies.rb:142:in `load'
/opt/local/lib/ruby/gems/1.8/gems/activesupport-2.2.2/lib/active_support/dependencies.rb:521:in `new_constants_in'
/opt/local/lib/ruby/gems/1.8/gems/activesupport-2.2.2/lib/active_support/dependencies.rb:142:in `load'
/opt/local/lib/ruby/gems/1.8/gems/rails-2.2.2/lib/commands/servers/mongrel.rb:64
/opt/local/lib/ruby/site_ruby/1.8/rubygems/custom_require.rb:31:in `gem_original_require'
/opt/local/lib/ruby/site_ruby/1.8/rubygems/custom_require.rb:31:in `require'
/opt/local/lib/ruby/gems/1.8/gems/activesupport-2.2.2/lib/active_support/dependencies.rb:153:in `require'
/opt/local/lib/ruby/gems/1.8/gems/activesupport-2.2.2/lib/active_support/dependencies.rb:521:in `new_constants_in'
/opt/local/lib/ruby/gems/1.8/gems/activesupport-2.2.2/lib/active_support/dependencies.rb:153:in `require'
/opt/local/lib/ruby/gems/1.8/gems/rails-2.2.2/lib/commands/server.rb:49
/opt/local/lib/ruby/site_ruby/1.8/rubygems/custom_require.rb:31:in `gem_original_require'
/opt/local/lib/ruby/site_ruby/1.8/rubygems/custom_require.rb:31:in `require'
script/server:3


ActionView::TemplateError (compile error
/Users/tyler/apps/tm_apps/thebouldersocialclub/app/views/ticket_types/index.html.erb:10: syntax error, unexpected ')'
@output_buffer.concat "    <td>"; @output_buffer.concat((h ticket_type. ).to_s); @output_buffer.concat "</td>\n"
                                                                         ^) on line #10 of app/views/ticket_types/index.html.erb:
7: 
8: <% for ticket_type in @ticket_types %>
9:   <tr>
10:     <td><%=h ticket_type. %></td>
11:     <td><%= link_to 'Show', ticket_type %></td>
12:     <td><%= link_to 'Edit', edit_ticket_type_path(ticket_type) %></td>
13:     <td><%= link_to 'Destroy', ticket_type, :confirm => 'Are you sure?', :method => :delete %></td>

    app/views/ticket_types/index.html.erb:24:in `compile!'
    /opt/local/lib/ruby/gems/1.8/gems/actionpack-2.2.2/lib/action_view/renderable.rb:66:in `compile'
    /opt/local/lib/ruby/gems/1.8/gems/actionpack-2.2.2/lib/action_view/renderable.rb:64:in `synchronize'
    /opt/local/lib/ruby/gems/1.8/gems/actionpack-2.2.2/lib/action_view/renderable.rb:64:in `compile'
    /opt/local/lib/ruby/gems/1.8/gems/actionpack-2.2.2/lib/action_view/renderable.rb:26:in `render'
    /opt/local/lib/ruby/gems/1.8/gems/actionpack-2.2.2/lib/action_view/template.rb:73:in `render_template'
    /opt/local/lib/ruby/gems/1.8/gems/actionpack-2.2.2/lib/action_view/base.rb:256:in `render'
    /opt/local/lib/ruby/gems/1.8/gems/actionpack-2.2.2/lib/action_view/base.rb:367:in `_render_with_layout'
    /opt/local/lib/ruby/gems/1.8/gems/actionpack-2.2.2/lib/action_view/base.rb:254:in `render'
    /opt/local/lib/ruby/gems/1.8/gems/actionpack-2.2.2/lib/action_controller/base.rb:1174:in `render_for_file'
    /opt/local/lib/ruby/gems/1.8/gems/actionpack-2.2.2/lib/action_controller/base.rb:905:in `render_without_benchmark'
    /opt/local/lib/ruby/gems/1.8/gems/actionpack-2.2.2/lib/action_controller/benchmarking.rb:51:in `render'
    /opt/local/lib/ruby/gems/1.8/gems/activesupport-2.2.2/lib/active_support/core_ext/benchmark.rb:8:in `realtime'
    /opt/local/lib/ruby/gems/1.8/gems/actionpack-2.2.2/lib/action_controller/benchmarking.rb:51:in `render'
    /opt/local/lib/ruby/gems/1.8/gems/actionpack-2.2.2/lib/action_controller/mime_responds.rb:135:in `send'
    /opt/local/lib/ruby/gems/1.8/gems/actionpack-2.2.2/lib/action_controller/mime_responds.rb:135:in `custom'
    /opt/local/lib/ruby/gems/1.8/gems/actionpack-2.2.2/lib/action_controller/mime_responds.rb:164:in `call'
    /opt/local/lib/ruby/gems/1.8/gems/actionpack-2.2.2/lib/action_controller/mime_responds.rb:164:in `respond'
    /opt/local/lib/ruby/gems/1.8/gems/actionpack-2.2.2/lib/action_controller/mime_responds.rb:158:in `each'
    /opt/local/lib/ruby/gems/1.8/gems/actionpack-2.2.2/lib/action_controller/mime_responds.rb:158:in `respond'
    /opt/local/lib/ruby/gems/1.8/gems/actionpack-2.2.2/lib/action_controller/mime_responds.rb:107:in `respond_to'
    app/controllers/ticket_types_controller.rb:9:in `index'
    /opt/local/lib/ruby/gems/1.8/gems/actionpack-2.2.2/lib/action_controller/base.rb:1253:in `send'
    /opt/local/lib/ruby/gems/1.8/gems/actionpack-2.2.2/lib/action_controller/base.rb:1253:in `perform_action_without_filters'
    /opt/local/lib/ruby/gems/1.8/gems/actionpack-2.2.2/lib/action_controller/filters.rb:617:in `call_filters'
    /opt/local/lib/ruby/gems/1.8/gems/actionpack-2.2.2/lib/action_controller/filters.rb:610:in `perform_action_without_benchmark'
    /opt/local/lib/ruby/gems/1.8/gems/actionpack-2.2.2/lib/action_controller/benchmarking.rb:68:in `perform_action_without_rescue'
    /opt/local/lib/ruby/1.8/benchmark.rb:293:in `measure'
    /opt/local/lib/ruby/gems/1.8/gems/actionpack-2.2.2/lib/action_controller/benchmarking.rb:68:in `perform_action_without_rescue'
    /opt/local/lib/ruby/gems/1.8/gems/actionpack-2.2.2/lib/action_controller/rescue.rb:136:in `perform_action_without_caching'
    /opt/local/lib/ruby/gems/1.8/gems/actionpack-2.2.2/lib/action_controller/caching/sql_cache.rb:13:in `perform_action'
    /opt/local/lib/ruby/gems/1.8/gems/activerecord-2.2.2/lib/active_record/connection_adapters/abstract/query_cache.rb:34:in `cache'
    /opt/local/lib/ruby/gems/1.8/gems/activerecord-2.2.2/lib/active_record/query_cache.rb:8:in `cache'
    /opt/local/lib/ruby/gems/1.8/gems/actionpack-2.2.2/lib/action_controller/caching/sql_cache.rb:12:in `perform_action'
    /opt/local/lib/ruby/gems/1.8/gems/actionpack-2.2.2/lib/action_controller/base.rb:524:in `send'
    /opt/local/lib/ruby/gems/1.8/gems/actionpack-2.2.2/lib/action_controller/base.rb:524:in `process_without_filters'
    /opt/local/lib/ruby/gems/1.8/gems/actionpack-2.2.2/lib/action_controller/filters.rb:606:in `process_without_session_management_support'
    /opt/local/lib/ruby/gems/1.8/gems/actionpack-2.2.2/lib/action_controller/session_management.rb:134:in `process'
    /opt/local/lib/ruby/gems/1.8/gems/actionpack-2.2.2/lib/action_controller/base.rb:392:in `process'
    /opt/local/lib/ruby/gems/1.8/gems/actionpack-2.2.2/lib/action_controller/dispatcher.rb:183:in `handle_request'
    /opt/local/lib/ruby/gems/1.8/gems/actionpack-2.2.2/lib/action_controller/dispatcher.rb:110:in `dispatch_unlocked'
    /opt/local/lib/ruby/gems/1.8/gems/actionpack-2.2.2/lib/action_controller/dispatcher.rb:123:in `dispatch'
    /opt/local/lib/ruby/gems/1.8/gems/actionpack-2.2.2/lib/action_controller/dispatcher.rb:122:in `synchronize'
    /opt/local/lib/ruby/gems/1.8/gems/actionpack-2.2.2/lib/action_controller/dispatcher.rb:122:in `dispatch'
    /opt/local/lib/ruby/gems/1.8/gems/actionpack-2.2.2/lib/action_controller/dispatcher.rb:132:in `dispatch_cgi'
    /opt/local/lib/ruby/gems/1.8/gems/actionpack-2.2.2/lib/action_controller/dispatcher.rb:39:in `dispatch'
    /opt/local/lib/ruby/gems/1.8/gems/mongrel-1.1.5/lib/mongrel/rails.rb:76:in `process'
    /opt/local/lib/ruby/gems/1.8/gems/mongrel-1.1.5/lib/mongrel/rails.rb:74:in `synchronize'
    /opt/local/lib/ruby/gems/1.8/gems/mongrel-1.1.5/lib/mongrel/rails.rb:74:in `process'
    /opt/local/lib/ruby/gems/1.8/gems/mongrel-1.1.5/lib/mongrel.rb:159:in `process_client'
    /opt/local/lib/ruby/gems/1.8/gems/mongrel-1.1.5/lib/mongrel.rb:158:in `each'
    /opt/local/lib/ruby/gems/1.8/gems/mongrel-1.1.5/lib/mongrel.rb:158:in `process_client'
    /opt/local/lib/ruby/gems/1.8/gems/mongrel-1.1.5/lib/mongrel.rb:285:in `run'
    /opt/local/lib/ruby/gems/1.8/gems/mongrel-1.1.5/lib/mongrel.rb:285:in `initialize'
    /opt/local/lib/ruby/gems/1.8/gems/mongrel-1.1.5/lib/mongrel.rb:285:in `new'
    /opt/local/lib/ruby/gems/1.8/gems/mongrel-1.1.5/lib/mongrel.rb:285:in `run'
    /opt/local/lib/ruby/gems/1.8/gems/mongrel-1.1.5/lib/mongrel.rb:268:in `initialize'
    /opt/local/lib/ruby/gems/1.8/gems/mongrel-1.1.5/lib/mongrel.rb:268:in `new'
    /opt/local/lib/ruby/gems/1.8/gems/mongrel-1.1.5/lib/mongrel.rb:268:in `run'
    /opt/local/lib/ruby/gems/1.8/gems/mongrel-1.1.5/lib/mongrel/configurator.rb:282:in `run'
    /opt/local/lib/ruby/gems/1.8/gems/mongrel-1.1.5/lib/mongrel/configurator.rb:281:in `each'
    /opt/local/lib/ruby/gems/1.8/gems/mongrel-1.1.5/lib/mongrel/configurator.rb:281:in `run'
    /opt/local/lib/ruby/gems/1.8/gems/mongrel-1.1.5/bin/mongrel_rails:128:in `run'
    /opt/local/lib/ruby/gems/1.8/gems/mongrel-1.1.5/lib/mongrel/command.rb:212:in `run'
    /opt/local/lib/ruby/gems/1.8/gems/mongrel-1.1.5/bin/mongrel_rails:281
    /opt/local/lib/ruby/gems/1.8/gems/activesupport-2.2.2/lib/active_support/dependencies.rb:142:in `load_without_new_constant_marking'
    /opt/local/lib/ruby/gems/1.8/gems/activesupport-2.2.2/lib/active_support/dependencies.rb:142:in `load'
    /opt/local/lib/ruby/gems/1.8/gems/activesupport-2.2.2/lib/active_support/dependencies.rb:521:in `new_constants_in'
    /opt/local/lib/ruby/gems/1.8/gems/activesupport-2.2.2/lib/active_support/dependencies.rb:142:in `load'
    /opt/local/lib/ruby/gems/1.8/gems/rails-2.2.2/lib/commands/servers/mongrel.rb:64
    /opt/local/lib/ruby/site_ruby/1.8/rubygems/custom_require.rb:31:in `gem_original_require'
    /opt/local/lib/ruby/site_ruby/1.8/rubygems/custom_require.rb:31:in `require'
    /opt/local/lib/ruby/gems/1.8/gems/activesupport-2.2.2/lib/active_support/dependencies.rb:153:in `require'
    /opt/local/lib/ruby/gems/1.8/gems/activesupport-2.2.2/lib/active_support/dependencies.rb:521:in `new_constants_in'
    /opt/local/lib/ruby/gems/1.8/gems/activesupport-2.2.2/lib/active_support/dependencies.rb:153:in `require'
    /opt/local/lib/ruby/gems/1.8/gems/rails-2.2.2/lib/commands/server.rb:49
    /opt/local/lib/ruby/site_ruby/1.8/rubygems/custom_require.rb:31:in `gem_original_require'
    /opt/local/lib/ruby/site_ruby/1.8/rubygems/custom_require.rb:31:in `require'
    script/server:3

Rendered /opt/local/lib/ruby/gems/1.8/gems/actionpack-2.2.2/lib/action_controller/templates/rescues/_trace (135.5ms)
Rendered /opt/local/lib/ruby/gems/1.8/gems/actionpack-2.2.2/lib/action_controller/templates/rescues/_request_and_response (0.8ms)
Rendering /opt/local/lib/ruby/gems/1.8/gems/actionpack-2.2.2/lib/action_controller/templates/rescues/layout.erb (internal_server_error)


Processing TicketTypesController#index (for 127.0.0.1 at 2009-03-10 19:51:58) [GET]
  [4;36;1mTicketType Load (0.5ms)[0m   [0;1mSELECT * FROM "ticket_types" [0m
Rendering template within layouts/standard
Rendering ticket_types/index
Completed in 8ms (View: 4, DB: 0) | 200 OK [http://localhost/ticket_types]


Processing TicketTypesController#new (for 127.0.0.1 at 2009-03-10 19:52:11) [GET]
Rendering template within layouts/standard
Rendering ticket_types/new
Completed in 9ms (View: 4, DB: 0) | 200 OK [http://localhost/ticket_types/new]


Processing TicketTypesController#create (for 127.0.0.1 at 2009-03-10 19:52:33) [POST]
  Parameters: {"commit"=>"Create", "ticket_type"=>{"name"=>"Member Only"}, "authenticity_token"=>"0048c96715bfdbd792590eeb8557c52a94bc4056"}
  [4;35;1mTicketType Create (0.5ms)[0m   [0mINSERT INTO "ticket_types" ("name", "updated_at", "created_at") VALUES('Member Only', '2009-03-11 01:52:33', '2009-03-11 01:52:33')[0m
Redirected to #<TicketType:0x37be9d8>
Completed in 15ms (DB: 0) | 302 Found [http://localhost/ticket_types]


Processing TicketTypesController#show (for 127.0.0.1 at 2009-03-10 19:52:33) [GET]
  Parameters: {"id"=>"1"}
  [4;36;1mTicketType Load (0.2ms)[0m   [0;1mSELECT * FROM "ticket_types" WHERE ("ticket_types"."id" = 1) [0m
Rendering template within layouts/standard
Rendering ticket_types/show
Completed in 10ms (View: 5, DB: 0) | 200 OK [http://localhost/ticket_types/1]


Processing TicketTypesController#index (for 127.0.0.1 at 2009-03-10 19:52:36) [GET]
  [4;35;1mTicketType Load (0.6ms)[0m   [0mSELECT * FROM "ticket_types" [0m
Rendering template within layouts/standard
Rendering ticket_types/index
Completed in 9ms (View: 5, DB: 1) | 200 OK [http://localhost/ticket_types]


Processing TicketTypesController#new (for 127.0.0.1 at 2009-03-10 19:52:38) [GET]
Rendering template within layouts/standard
Rendering ticket_types/new
Completed in 10ms (View: 5, DB: 0) | 200 OK [http://localhost/ticket_types/new]


Processing TicketTypesController#create (for 127.0.0.1 at 2009-03-10 19:52:50) [POST]
  Parameters: {"commit"=>"Create", "ticket_type"=>{"name"=>"Member + Guest(s)"}, "authenticity_token"=>"0048c96715bfdbd792590eeb8557c52a94bc4056"}
  [4;36;1mTicketType Create (0.4ms)[0m   [0;1mINSERT INTO "ticket_types" ("name", "updated_at", "created_at") VALUES('Member + Guest(s)', '2009-03-11 01:52:50', '2009-03-11 01:52:50')[0m
Redirected to #<TicketType:0x3972ef0>
Completed in 9ms (DB: 0) | 302 Found [http://localhost/ticket_types]


Processing TicketTypesController#show (for 127.0.0.1 at 2009-03-10 19:52:50) [GET]
  Parameters: {"id"=>"2"}
  [4;35;1mTicketType Load (0.3ms)[0m   [0mSELECT * FROM "ticket_types" WHERE ("ticket_types"."id" = 2) [0m
Rendering template within layouts/standard
Rendering ticket_types/show
Completed in 9ms (View: 4, DB: 0) | 200 OK [http://localhost/ticket_types/2]


Processing TicketTypesController#index (for 127.0.0.1 at 2009-03-10 19:52:53) [GET]
  [4;36;1mTicketType Load (0.7ms)[0m   [0;1mSELECT * FROM "ticket_types" [0m
Rendering template within layouts/standard
Rendering ticket_types/index
Completed in 10ms (View: 5, DB: 1) | 200 OK [http://localhost/ticket_types]


Processing TicketTypesController#new (for 127.0.0.1 at 2009-03-10 19:52:54) [GET]
Rendering template within layouts/standard
Rendering ticket_types/new
Completed in 9ms (View: 4, DB: 0) | 200 OK [http://localhost/ticket_types/new]


Processing TicketTypesController#create (for 127.0.0.1 at 2009-03-10 19:53:01) [POST]
  Parameters: {"commit"=>"Create", "ticket_type"=>{"name"=>"Tickets"}, "authenticity_token"=>"0048c96715bfdbd792590eeb8557c52a94bc4056"}
  [4;35;1mTicketType Create (0.4ms)[0m   [0mINSERT INTO "ticket_types" ("name", "updated_at", "created_at") VALUES('Tickets', '2009-03-11 01:53:01', '2009-03-11 01:53:01')[0m
Redirected to #<TicketType:0x3706324>
Completed in 11ms (DB: 0) | 302 Found [http://localhost/ticket_types]


Processing TicketTypesController#show (for 127.0.0.1 at 2009-03-10 19:53:01) [GET]
  Parameters: {"id"=>"3"}
  [4;36;1mTicketType Load (0.2ms)[0m   [0;1mSELECT * FROM "ticket_types" WHERE ("ticket_types"."id" = 3) [0m
Rendering template within layouts/standard
Rendering ticket_types/show
Completed in 8ms (View: 3, DB: 0) | 200 OK [http://localhost/ticket_types/3]


Processing TicketTypesController#index (for 127.0.0.1 at 2009-03-10 19:53:03) [GET]
  [4;35;1mTicketType Load (0.8ms)[0m   [0mSELECT * FROM "ticket_types" [0m
Rendering template within layouts/standard
Rendering ticket_types/index
Completed in 96ms (View: 7, DB: 1) | 200 OK [http://localhost/ticket_types]


Processing TicketTypesController#new (for 127.0.0.1 at 2009-03-10 19:53:04) [GET]
Rendering template within layouts/standard
Rendering ticket_types/new
Completed in 10ms (View: 5, DB: 0) | 200 OK [http://localhost/ticket_types/new]


Processing TicketTypesController#create (for 127.0.0.1 at 2009-03-10 19:53:19) [POST]
  Parameters: {"commit"=>"Create", "ticket_type"=>{"name"=>"Invite Only"}, "authenticity_token"=>"0048c96715bfdbd792590eeb8557c52a94bc4056"}
  [4;36;1mTicketType Create (0.4ms)[0m   [0;1mINSERT INTO "ticket_types" ("name", "updated_at", "created_at") VALUES('Invite Only', '2009-03-11 01:53:19', '2009-03-11 01:53:19')[0m
Redirected to #<TicketType:0x391b09c>
Completed in 12ms (DB: 0) | 302 Found [http://localhost/ticket_types]


Processing TicketTypesController#show (for 127.0.0.1 at 2009-03-10 19:53:19) [GET]
  Parameters: {"id"=>"4"}
  [4;35;1mTicketType Load (0.3ms)[0m   [0mSELECT * FROM "ticket_types" WHERE ("ticket_types"."id" = 4) [0m
Rendering template within layouts/standard
Rendering ticket_types/show
Completed in 9ms (View: 4, DB: 0) | 200 OK [http://localhost/ticket_types/4]


Processing EventsController#index (for 127.0.0.1 at 2009-03-10 19:53:39) [GET]
  [4;36;1mEvent Load (0.5ms)[0m   [0;1mSELECT * FROM "events" [0m
Rendering template within layouts/standard
Rendering events/index
Completed in 7ms (View: 3, DB: 0) | 200 OK [http://localhost/events]


Processing EventsController#new (for 127.0.0.1 at 2009-03-10 19:53:40) [GET]
Rendering template within layouts/standard
Rendering events/new
  [4;35;1mLocation Load (0.4ms)[0m   [0mSELECT * FROM "locations" [0m
  [4;36;1mTicketType Load (0.5ms)[0m   [0;1mSELECT * FROM "ticket_types" [0m
Completed in 20ms (View: 14, DB: 1) | 200 OK [http://localhost/events/new]
